<?xml version="1.0" encoding="UTF-8"?>
<testsuite xmlns:xsi="http://www.w3.org/2001/XMLSchema-instance" xsi:noNamespaceSchemaLocation="https://maven.apache.org/surefire/maven-surefire-plugin/xsd/surefire-test-report-3.0.xsd" version="3.0" name="com.example.test.ClienteTest" time="0.427" tests="5" errors="0" skipped="0" failures="0">
  <properties>
[...]
</properties>
  <testcase name="registrarCliente" classname="com.example.test.ClienteTest" time="0.331">
    <system-err><![CDATA[mar. 17, 2025 10:54:39 A. M. com.example.negocio.GestionClientes registrarCliente
INFO: Cliente registrado exitosamente: com.example.dominio.Cliente@52e7a6b2
]]></system-err>
  </testcase>
  <testcase name="obtenerCliente" classname="com.example.test.ClienteTest" time="0.009"/>
  <testcase name="actualizarCliente" classname="com.example.test.ClienteTest" time="0.023">
    <system-err><![CDATA[mar. 17, 2025 10:54:39 A. M. com.example.negocio.GestionClientes actualizarCliente
INFO: Cliente actualizado exitosamente: com.example.dominio.Cliente@6e005dc9
]]></system-err>
  </testcase>
  <testcase name="listarClientes" classname="com.example.test.ClienteTest" time="0.007"/>
  <testcase name="eliminarCliente" classname="com.example.test.ClienteTest" time="0.02">
    <system-err><![CDATA[mar. 17, 2025 10:54:39 A. M. com.example.negocio.GestionClientes eliminarCliente
INFO: Cliente eliminado exitosamente con ID: 5
]]></system-err>
  </testcase>
</testsuite>